<?xml version="1.0" encoding="UTF-8"?>
<testsuite xmlns:xsi="http://www.w3.org/2001/XMLSchema-instance" xsi:noNamespaceSchemaLocation="https://maven.apache.org/surefire/maven-surefire-plugin/xsd/surefire-test-report-3.0.xsd" version="3.0" name="com.lariflix.jemm.JemmTest" time="2.39" tests="1" errors="0" skipped="0" failures="0">
  <properties>
    <property name="java.specification.version" value="20"/>
    <property name="sun.jnu.encoding" value="UTF-8"/>
    <property name="sun.awt.enableExtraMouseButtons" value="true"/>
    <property name="java.class.path" value="/Users/cesarbianchi/eclipse-workspace/JellyfinEasyMetadataManager/target/test-classes:/Users/cesarbianchi/eclipse-workspace/JellyfinEasyMetadataManager/target/classes:/Users/cesarbianchi/.m2/repository/dev/javatools/json-utils/1.0.1/json-utils-1.0.1.jar:/Users/cesarbianchi/.m2/repository/dev/javatools/map-utils/1.0.1/map-utils-1.0.1.jar:/Users/cesarbianchi/.m2/repository/com/fasterxml/jackson/core/jackson-core/2.16.1/jackson-core-2.16.1.jar:/Users/cesarbianchi/.m2/repository/com/fasterxml/jackson/core/jackson-databind/2.16.1/jackson-databind-2.16.1.jar:/Users/cesarbianchi/.m2/repository/com/fasterxml/jackson/core/jackson-annotations/2.16.1/jackson-annotations-2.16.1.jar:/Users/cesarbianchi/.m2/repository/com/fasterxml/jackson/dataformat/jackson-dataformat-yaml/2.16.1/jackson-dataformat-yaml-2.16.1.jar:/Users/cesarbianchi/.m2/repository/org/yaml/snakeyaml/2.2/snakeyaml-2.2.jar:/Users/cesarbianchi/.m2/repository/org/slf4j/slf4j-api/2.1.0-alpha1/slf4j-api-2.1.0-alpha1.jar:/Users/cesarbianchi/.m2/repository/org/slf4j/slf4j-simple/2.1.0-alpha1/slf4j-simple-2.1.0-alpha1.jar:/Users/cesarbianchi/.m2/repository/org/junit/jupiter/junit-jupiter/5.10.1/junit-jupiter-5.10.1.jar:/Users/cesarbianchi/.m2/repository/org/junit/jupiter/junit-jupiter-api/5.10.1/junit-jupiter-api-5.10.1.jar:/Users/cesarbianchi/.m2/repository/org/opentest4j/opentest4j/1.3.0/opentest4j-1.3.0.jar:/Users/cesarbianchi/.m2/repository/org/junit/platform/junit-platform-commons/1.10.1/junit-platform-commons-1.10.1.jar:/Users/cesarbianchi/.m2/repository/org/apiguardian/apiguardian-api/1.1.2/apiguardian-api-1.1.2.jar:/Users/cesarbianchi/.m2/repository/org/junit/jupiter/junit-jupiter-params/5.10.1/junit-jupiter-params-5.10.1.jar:/Users/cesarbianchi/.m2/repository/org/junit/jupiter/junit-jupiter-engine/5.10.1/junit-jupiter-engine-5.10.1.jar:/Users/cesarbianchi/.m2/repository/org/junit/platform/junit-platform-engine/1.10.1/junit-platform-engine-1.10.1.jar:/Users/cesarbianchi/.m2/repository/org/projectlombok/lombok/1.18.30/lombok-1.18.30.jar:/Users/cesarbianchi/.m2/repository/com/googlecode/google-api-translate-java/0.92/google-api-translate-java-0.92.jar:/Users/cesarbianchi/.m2/repository/org/json4s/json4s-native-core_3/4.1.0-M3/json4s-native-core_3-4.1.0-M3.jar:/Users/cesarbianchi/.m2/repository/org/json4s/json4s-ast_3/4.1.0-M3/json4s-ast_3-4.1.0-M3.jar:/Users/cesarbianchi/.m2/repository/org/scala-lang/scala3-library_3/3.2.2/scala3-library_3-3.2.2.jar:/Users/cesarbianchi/.m2/repository/org/scala-lang/scala-library/2.13.10/scala-library-2.13.10.jar:/Users/cesarbianchi/.m2/repository/com/googlecode/json-simple/json-simple/1.1/json-simple-1.1.jar:/Users/cesarbianchi/.m2/repository/org/apache/httpcomponents/httpclient/4.5.14/httpclient-4.5.14.jar:/Users/cesarbianchi/.m2/repository/org/apache/httpcomponents/httpcore/4.4.16/httpcore-4.4.16.jar:/Users/cesarbianchi/.m2/repository/commons-logging/commons-logging/1.2/commons-logging-1.2.jar:/Users/cesarbianchi/.m2/repository/commons-codec/commons-codec/1.11/commons-codec-1.11.jar:/Users/cesarbianchi/.m2/repository/org/mockito/mockito-core/3.9.0/mockito-core-3.9.0.jar:/Users/cesarbianchi/.m2/repository/net/bytebuddy/byte-buddy/1.10.20/byte-buddy-1.10.20.jar:/Users/cesarbianchi/.m2/repository/net/bytebuddy/byte-buddy-agent/1.10.20/byte-buddy-agent-1.10.20.jar:/Users/cesarbianchi/.m2/repository/org/objenesis/objenesis/3.2/objenesis-3.2.jar:"/>
    <property name="java.vm.vendor" value="Azul Systems, Inc."/>
    <property name="sun.arch.data.model" value="64"/>
    <property name="java.vendor.url" value="http://www.azul.com/"/>
    <property name="user.timezone" value="America/Sao_Paulo"/>
    <property name="os.name" value="Mac OS X"/>
    <property name="java.vm.specification.version" value="20"/>
    <property name="user.country" value="BR"/>
    <property name="sun.java.launcher" value="SUN_STANDARD"/>
    <property name="sun.boot.library.path" value="/Applications/Apache NetBeans.app/Contents/Home/lib"/>
    <property name="sun.java.command" value="/Users/cesarbianchi/eclipse-workspace/JellyfinEasyMetadataManager/target/surefire/surefirebooter-20240128214417999_3.jar /Users/cesarbianchi/eclipse-workspace/JellyfinEasyMetadataManager/target/surefire 2024-01-28T21-44-17_796-jvmRun1 surefire-20240128214417999_1tmp surefire_0-20240128214417999_2tmp"/>
    <property name="http.nonProxyHosts" value="local|*.local|169.254/16|*.169.254/16"/>
    <property name="jdk.debug" value="release"/>
    <property name="surefire.test.class.path" value="/Users/cesarbianchi/eclipse-workspace/JellyfinEasyMetadataManager/target/test-classes:/Users/cesarbianchi/eclipse-workspace/JellyfinEasyMetadataManager/target/classes:/Users/cesarbianchi/.m2/repository/dev/javatools/json-utils/1.0.1/json-utils-1.0.1.jar:/Users/cesarbianchi/.m2/repository/dev/javatools/map-utils/1.0.1/map-utils-1.0.1.jar:/Users/cesarbianchi/.m2/repository/com/fasterxml/jackson/core/jackson-core/2.16.1/jackson-core-2.16.1.jar:/Users/cesarbianchi/.m2/repository/com/fasterxml/jackson/core/jackson-databind/2.16.1/jackson-databind-2.16.1.jar:/Users/cesarbianchi/.m2/repository/com/fasterxml/jackson/core/jackson-annotations/2.16.1/jackson-annotations-2.16.1.jar:/Users/cesarbianchi/.m2/repository/com/fasterxml/jackson/dataformat/jackson-dataformat-yaml/2.16.1/jackson-dataformat-yaml-2.16.1.jar:/Users/cesarbianchi/.m2/repository/org/yaml/snakeyaml/2.2/snakeyaml-2.2.jar:/Users/cesarbianchi/.m2/repository/org/slf4j/slf4j-api/2.1.0-alpha1/slf4j-api-2.1.0-alpha1.jar:/Users/cesarbianchi/.m2/repository/org/slf4j/slf4j-simple/2.1.0-alpha1/slf4j-simple-2.1.0-alpha1.jar:/Users/cesarbianchi/.m2/repository/org/junit/jupiter/junit-jupiter/5.10.1/junit-jupiter-5.10.1.jar:/Users/cesarbianchi/.m2/repository/org/junit/jupiter/junit-jupiter-api/5.10.1/junit-jupiter-api-5.10.1.jar:/Users/cesarbianchi/.m2/repository/org/opentest4j/opentest4j/1.3.0/opentest4j-1.3.0.jar:/Users/cesarbianchi/.m2/repository/org/junit/platform/junit-platform-commons/1.10.1/junit-platform-commons-1.10.1.jar:/Users/cesarbianchi/.m2/repository/org/apiguardian/apiguardian-api/1.1.2/apiguardian-api-1.1.2.jar:/Users/cesarbianchi/.m2/repository/org/junit/jupiter/junit-jupiter-params/5.10.1/junit-jupiter-params-5.10.1.jar:/Users/cesarbianchi/.m2/repository/org/junit/jupiter/junit-jupiter-engine/5.10.1/junit-jupiter-engine-5.10.1.jar:/Users/cesarbianchi/.m2/repository/org/junit/platform/junit-platform-engine/1.10.1/junit-platform-engine-1.10.1.jar:/Users/cesarbianchi/.m2/repository/org/projectlombok/lombok/1.18.30/lombok-1.18.30.jar:/Users/cesarbianchi/.m2/repository/com/googlecode/google-api-translate-java/0.92/google-api-translate-java-0.92.jar:/Users/cesarbianchi/.m2/repository/org/json4s/json4s-native-core_3/4.1.0-M3/json4s-native-core_3-4.1.0-M3.jar:/Users/cesarbianchi/.m2/repository/org/json4s/json4s-ast_3/4.1.0-M3/json4s-ast_3-4.1.0-M3.jar:/Users/cesarbianchi/.m2/repository/org/scala-lang/scala3-library_3/3.2.2/scala3-library_3-3.2.2.jar:/Users/cesarbianchi/.m2/repository/org/scala-lang/scala-library/2.13.10/scala-library-2.13.10.jar:/Users/cesarbianchi/.m2/repository/com/googlecode/json-simple/json-simple/1.1/json-simple-1.1.jar:/Users/cesarbianchi/.m2/repository/org/apache/httpcomponents/httpclient/4.5.14/httpclient-4.5.14.jar:/Users/cesarbianchi/.m2/repository/org/apache/httpcomponents/httpcore/4.4.16/httpcore-4.4.16.jar:/Users/cesarbianchi/.m2/repository/commons-logging/commons-logging/1.2/commons-logging-1.2.jar:/Users/cesarbianchi/.m2/repository/commons-codec/commons-codec/1.11/commons-codec-1.11.jar:/Users/cesarbianchi/.m2/repository/org/mockito/mockito-core/3.9.0/mockito-core-3.9.0.jar:/Users/cesarbianchi/.m2/repository/net/bytebuddy/byte-buddy/1.10.20/byte-buddy-1.10.20.jar:/Users/cesarbianchi/.m2/repository/net/bytebuddy/byte-buddy-agent/1.10.20/byte-buddy-agent-1.10.20.jar:/Users/cesarbianchi/.m2/repository/org/objenesis/objenesis/3.2/objenesis-3.2.jar:"/>
    <property name="sun.cpu.endian" value="little"/>
    <property name="user.home" value="/Users/cesarbianchi"/>
    <property name="user.language" value="pt"/>
    <property name="java.specification.vendor" value="Oracle Corporation"/>
    <property name="java.version.date" value="2023-07-18"/>
    <property name="java.home" value="/Applications/Apache NetBeans.app/Contents/Home"/>
    <property name="file.separator" value="/"/>
    <property name="basedir" value="/Users/cesarbianchi/eclipse-workspace/JellyfinEasyMetadataManager"/>
    <property name="java.vm.compressedOopsMode" value="Zero based"/>
    <property name="line.separator" value="&#10;"/>
    <property name="java.vm.specification.vendor" value="Oracle Corporation"/>
    <property name="java.specification.name" value="Java Platform API Specification"/>
    <property name="apple.awt.application.name" value="ForkedBooter"/>
    <property name="surefire.real.class.path" value="/Users/cesarbianchi/eclipse-workspace/JellyfinEasyMetadataManager/target/surefire/surefirebooter-20240128214417999_3.jar"/>
    <property name="sun.management.compiler" value="HotSpot 64-Bit Tiered Compilers"/>
    <property name="ftp.nonProxyHosts" value="local|*.local|169.254/16|*.169.254/16"/>
    <property name="java.runtime.version" value="20.0.2+9"/>
    <property name="user.name" value="cesarbianchi"/>
    <property name="stdout.encoding" value="UTF-8"/>
    <property name="path.separator" value=":"/>
    <property name="os.version" value="12.6.3"/>
    <property name="java.runtime.name" value="OpenJDK Runtime Environment"/>
    <property name="file.encoding" value="UTF-8"/>
    <property name="java.vm.name" value="OpenJDK 64-Bit Server VM"/>
    <property name="java.vendor.version" value="Zulu20.32+11-CA"/>
    <property name="maven.ext.class.path" value="/Applications/Apache NetBeans.app/Contents/Resources/netbeans/java/maven-nblib/netbeans-eventspy.jar"/>
    <property name="localRepository" value="/Users/cesarbianchi/.m2/repository"/>
    <property name="java.vendor.url.bug" value="http://www.azul.com/support/"/>
    <property name="java.io.tmpdir" value="/var/folders/_1/8nz_41cn5ysfm8b87g_5mk7w0000gn/T/"/>
    <property name="java.version" value="20.0.2"/>
    <property name="user.dir" value="/Users/cesarbianchi/eclipse-workspace/JellyfinEasyMetadataManager"/>
    <property name="os.arch" value="x86_64"/>
    <property name="java.vm.specification.name" value="Java Virtual Machine Specification"/>
    <property name="native.encoding" value="UTF-8"/>
    <property name="java.library.path" value="/Users/cesarbianchi/Library/Java/Extensions:/Library/Java/Extensions:/Network/Library/Java/Extensions:/System/Library/Java/Extensions:/usr/lib/java:."/>
    <property name="java.vm.info" value="mixed mode, sharing"/>
    <property name="stderr.encoding" value="UTF-8"/>
    <property name="java.vendor" value="Azul Systems, Inc."/>
    <property name="java.vm.version" value="20.0.2+9"/>
    <property name="sun.io.unicode.encoding" value="UnicodeBig"/>
    <property name="socksNonProxyHosts" value="local|*.local|169.254/16|*.169.254/16"/>
    <property name="java.class.version" value="64.0"/>
  </properties>
  <testcase name="testMain" classname="com.lariflix.jemm.JemmTest" time="2.305"/>
</testsuite>